<?xml version="1.0" encoding="UTF-8"?>
<!-- Generated by org.testng.reporters.JUnitReportReporter -->
<testsuite hostname="LAPTOP-JL6EVEV1" name="samples.SampleTest" tests="2" failures="0" timestamp="24 Sep 2020 12:31:37 GMT" time="0.024" errors="0">
  <testcase name="second" time="0.005" classname="samples.SampleTest"/>
  <testcase name="first" time="0.019" classname="samples.SampleTest"/>
</testsuite> <!-- samples.SampleTest -->
